<?xml version="1.0" encoding="UTF-8"?>
<testsuite name="org.univ.PersonTest" tests="1" skipped="0" failures="0" errors="0" timestamp="2015-11-19T07:58:39" hostname="p20103" time="0.005">
  <properties/>
  <testcase name="canConstructAPersonWithAName" classname="org.univ.PersonTest" time="0.005"/>
  <system-out><![CDATA[]]></system-out>
  <system-err><![CDATA[]]></system-err>
</testsuite>
